0 info it worked if it ends with ok
1 verbose cli [ '/usr/local/bin/node',
1 verbose cli   '/usr/local/bin/npm',
1 verbose cli   'install',
1 verbose cli   '-g',
1 verbose cli   'standard-format' ]
2 info using npm@2.14.4
3 info using node@v4.1.2
4 verbose install initial load of /usr/local/lib/package.json
5 verbose readDependencies loading dependencies from /usr/local/lib/package.json
6 silly cache add args [ 'standard-format', null ]
7 verbose cache add spec standard-format
8 silly cache add parsed spec Result {
8 silly cache add   raw: 'standard-format',
8 silly cache add   scope: null,
8 silly cache add   name: 'standard-format',
8 silly cache add   rawSpec: '',
8 silly cache add   spec: '*',
8 silly cache add   type: 'range' }
9 silly addNamed standard-format@*
10 verbose addNamed "*" is a valid semver range for standard-format
11 silly addNameRange { name: 'standard-format', range: '*', hasData: false }
12 silly mapToRegistry name standard-format
13 silly mapToRegistry using default registry
14 silly mapToRegistry registry https://registry.npmjs.org/
15 silly mapToRegistry uri https://registry.npmjs.org/standard-format
16 verbose addNameRange registry:https://registry.npmjs.org/standard-format not in flight; fetching
17 verbose request uri https://registry.npmjs.org/standard-format
18 verbose request no auth needed
19 info attempt registry request try #1 at 6:43:53 PM
20 verbose request id 298513212790a17c
21 http request GET https://registry.npmjs.org/standard-format
22 http 200 https://registry.npmjs.org/standard-format
23 silly get cb [ 200,
23 silly get   { server: 'CouchDB/1.5.0 (Erlang OTP/R16B03)',
23 silly get     etag: '"52VWKNSQ6UMOA2XFF5EK7C6NQ"',
23 silly get     'content-type': 'application/json',
23 silly get     'cache-control': 'max-age=60',
23 silly get     'content-length': '52348',
23 silly get     'accept-ranges': 'bytes',
23 silly get     date: 'Sat, 10 Oct 2015 11:43:56 GMT',
23 silly get     via: '1.1 varnish',
23 silly get     age: '0',
23 silly get     connection: 'keep-alive',
23 silly get     'x-served-by': 'cache-bma7022-BMA',
23 silly get     'x-cache': 'MISS',
23 silly get     'x-cache-hits': '0',
23 silly get     'x-timer': 'S1444477435.732377,VS0,VE1151',
23 silly get     vary: 'Accept' } ]
24 verbose get saving standard-format to /Users/GuroKung/.npm/registry.npmjs.org/standard-format/.cache.json
25 silly addNameRange number 2 { name: 'standard-format', range: '*', hasData: true }
26 silly addNameRange versions [ 'standard-format',
26 silly addNameRange   [ '1.0.0',
26 silly addNameRange     '1.1.0',
26 silly addNameRange     '1.1.1',
26 silly addNameRange     '1.2.0',
26 silly addNameRange     '1.2.1',
26 silly addNameRange     '1.2.2',
26 silly addNameRange     '1.2.3',
26 silly addNameRange     '1.3.0',
26 silly addNameRange     '1.3.1',
26 silly addNameRange     '1.3.2',
26 silly addNameRange     '1.3.3',
26 silly addNameRange     '1.3.4',
26 silly addNameRange     '1.3.5',
26 silly addNameRange     '1.3.6',
26 silly addNameRange     '1.3.7',
26 silly addNameRange     '1.3.8',
26 silly addNameRange     '1.3.9',
26 silly addNameRange     '1.3.10',
26 silly addNameRange     '1.4.0',
26 silly addNameRange     '1.5.0',
26 silly addNameRange     '1.6.0',
26 silly addNameRange     '1.6.1',
26 silly addNameRange     '1.6.2',
26 silly addNameRange     '1.6.3',
26 silly addNameRange     '1.6.4',
26 silly addNameRange     '1.6.5',
26 silly addNameRange     '1.6.6',
26 silly addNameRange     '1.6.7',
26 silly addNameRange     '1.6.8' ] ]
27 silly addNamed standard-format@1.6.8
28 verbose addNamed "1.6.8" is a plain semver version for standard-format
29 silly mapToRegistry name standard-format
30 silly mapToRegistry using default registry
31 silly mapToRegistry registry https://registry.npmjs.org/
32 silly mapToRegistry uri https://registry.npmjs.org/standard-format
33 verbose addRemoteTarball https://registry.npmjs.org/standard-format/-/standard-format-1.6.8.tgz not in flight; adding
34 verbose addRemoteTarball [ 'https://registry.npmjs.org/standard-format/-/standard-format-1.6.8.tgz',
34 verbose addRemoteTarball   '5ae48c13d7a4157ea56374216421db9e15742db2' ]
35 info retry fetch attempt 1 at 6:43:58 PM
36 info attempt registry request try #1 at 6:43:58 PM
37 http fetch GET https://registry.npmjs.org/standard-format/-/standard-format-1.6.8.tgz
38 http fetch 200 https://registry.npmjs.org/standard-format/-/standard-format-1.6.8.tgz
39 silly fetchAndShaCheck shasum 5ae48c13d7a4157ea56374216421db9e15742db2
40 verbose addTmpTarball /var/folders/ph/8qxctpcd0kd91k8khn6chm0m0000gn/T/npm-5038-9db5595c/registry.npmjs.org/standard-format/-/standard-format-1.6.8.tgz not in flight; adding
41 verbose addTmpTarball already have metadata; skipping unpack for standard-format@1.6.8
42 silly cache afterAdd standard-format@1.6.8
43 verbose afterAdd /Users/GuroKung/.npm/standard-format/1.6.8/package/package.json not in flight; writing
44 verbose afterAdd /Users/GuroKung/.npm/standard-format/1.6.8/package/package.json written
45 silly install resolved [ { name: 'standard-format',
45 silly install resolved     version: '1.6.8',
45 silly install resolved     description: 'attempts to reformat javascript to comply with feross/standard style',
45 silly install resolved     main: 'index.js',
45 silly install resolved     bin: { 'standard-format': './bin.js' },
45 silly install resolved     scripts:
45 silly install resolved      { test: 'standard | snazzy && tape test/*.js | tap-spec',
45 silly install resolved        'test-file': '<test/test-files/test.js ./bin.js | standard',
45 silly install resolved        failing: 'standard && tape test/failing/*.js | tap-spec' },
45 silly install resolved     repository:
45 silly install resolved      { type: 'git',
45 silly install resolved        url: 'git+https://github.com/maxogden/standard-format.git' },
45 silly install resolved     author: { name: 'max ogden' },
45 silly install resolved     license: 'BSD-2-Clause',
45 silly install resolved     bugs: { url: 'https://github.com/maxogden/standard-format/issues' },
45 silly install resolved     homepage: 'https://github.com/maxogden/standard-format',
45 silly install resolved     dependencies:
45 silly install resolved      { deglob: '^1.0.0',
45 silly install resolved        esformatter: '^0.7.3',
45 silly install resolved        'esformatter-eol-last': '^1.0.0',
45 silly install resolved        'esformatter-jsx': '^2.0.11',
45 silly install resolved        'esformatter-literal-notation': '^1.0.0',
45 silly install resolved        'esformatter-quotes': '^1.0.0',
45 silly install resolved        'esformatter-semicolon-first': '^1.1.0',
45 silly install resolved        'esformatter-spaced-lined-comment': '^2.0.0',
45 silly install resolved        minimist: '^1.1.0',
45 silly install resolved        stdin: '0.0.1' },
45 silly install resolved     devDependencies:
45 silly install resolved      { 'concat-stream': '^1.4.7',
45 silly install resolved        debug: '^2.1.1',
45 silly install resolved        once: '^1.3.1',
45 silly install resolved        'skip-stream': '0.0.3',
45 silly install resolved        snazzy: '^2.0.1',
45 silly install resolved        split: '^1.0.0',
45 silly install resolved        standard: '*',
45 silly install resolved        'stream-reduce': '^1.0.3',
45 silly install resolved        'tap-spec': '^4.1.0',
45 silly install resolved        tape: '^4.2.0' },
45 silly install resolved     standard: { ignore: [Object] },
45 silly install resolved     gitHead: '3500355af05eeb9a51dd0d40ef049e91aed23f81',
45 silly install resolved     _id: 'standard-format@1.6.8',
45 silly install resolved     _shasum: '5ae48c13d7a4157ea56374216421db9e15742db2',
45 silly install resolved     _from: 'standard-format@*',
45 silly install resolved     _npmVersion: '3.3.6',
45 silly install resolved     _nodeVersion: '4.1.0',
45 silly install resolved     _npmUser: { name: 'flet', email: 'flettre@gmail.com' },
45 silly install resolved     dist:
45 silly install resolved      { shasum: '5ae48c13d7a4157ea56374216421db9e15742db2',
45 silly install resolved        tarball: 'http://registry.npmjs.org/standard-format/-/standard-format-1.6.8.tgz' },
45 silly install resolved     maintainers: [ [Object], [Object], [Object], [Object], [Object] ],
45 silly install resolved     directories: {},
45 silly install resolved     _resolved: 'https://registry.npmjs.org/standard-format/-/standard-format-1.6.8.tgz' } ]
46 info install standard-format@1.6.8 into /usr/local/lib
47 info installOne standard-format@1.6.8
48 verbose installOne of standard-format to /usr/local/lib not in flight; installing
49 verbose lock using /Users/GuroKung/.npm/_locks/standard-format-d68112adff6e8875.lock for /usr/local/lib/node_modules/standard-format
50 silly install write writing standard-format 1.6.8 to /usr/local/lib/node_modules/standard-format
51 verbose unbuild lib/node_modules/standard-format
52 silly gentlyRm /usr/local/lib/node_modules/standard-format is being purged from base /usr/local
53 verbose gentlyRm don't care about contents; nuking /usr/local/lib/node_modules/standard-format
54 verbose tar unpack /Users/GuroKung/.npm/standard-format/1.6.8/package.tgz
55 verbose tar unpacking to /usr/local/lib/node_modules/standard-format
56 silly gentlyRm /usr/local/lib/node_modules/standard-format is being purged
57 verbose gentlyRm don't care about contents; nuking /usr/local/lib/node_modules/standard-format
58 silly gunzTarPerm modes [ '755', '644' ]
59 error tar.unpack untar error /Users/GuroKung/.npm/standard-format/1.6.8/package.tgz
60 verbose unlock done using /Users/GuroKung/.npm/_locks/standard-format-d68112adff6e8875.lock for /usr/local/lib/node_modules/standard-format
61 verbose fstream_path /usr/local/lib/node_modules/standard-format
62 verbose fstream_type Directory
63 verbose fstream_class DirWriter
64 verbose stack Error: EACCES: permission denied, mkdir '/usr/local/lib/node_modules/standard-format'
64 verbose stack     at Error (native)
65 verbose fstream_stack /usr/local/lib/node_modules/npm/node_modules/fstream/lib/dir-writer.js:35:25
65 verbose fstream_stack /usr/local/lib/node_modules/npm/node_modules/mkdirp/index.js:47:53
65 verbose fstream_stack FSReqWrap.oncomplete (fs.js:82:15)
66 verbose cwd /Users/GuroKung/TSP/FECS-Web
67 error Darwin 14.4.0
68 error argv "/usr/local/bin/node" "/usr/local/bin/npm" "install" "-g" "standard-format"
69 error node v4.1.2
70 error npm  v2.14.4
71 error path /usr/local/lib/node_modules/standard-format
72 error code EACCES
73 error errno -13
74 error syscall mkdir
75 error Error: EACCES: permission denied, mkdir '/usr/local/lib/node_modules/standard-format'
75 error     at Error (native)
75 error  { [Error: EACCES: permission denied, mkdir '/usr/local/lib/node_modules/standard-format']
75 error   errno: -13,
75 error   code: 'EACCES',
75 error   syscall: 'mkdir',
75 error   path: '/usr/local/lib/node_modules/standard-format',
75 error   fstream_type: 'Directory',
75 error   fstream_path: '/usr/local/lib/node_modules/standard-format',
75 error   fstream_class: 'DirWriter',
75 error   fstream_stack:
75 error    [ '/usr/local/lib/node_modules/npm/node_modules/fstream/lib/dir-writer.js:35:25',
75 error      '/usr/local/lib/node_modules/npm/node_modules/mkdirp/index.js:47:53',
75 error      'FSReqWrap.oncomplete (fs.js:82:15)' ] }
76 error Please try running this command again as root/Administrator.
77 verbose exit [ -13, true ]
78 verbose unbuild lib/node_modules/standard-format
79 silly gentlyRm /usr/local/lib/node_modules/standard-format is being purged from base /usr/local
80 verbose gentlyRm don't care about contents; nuking /usr/local/lib/node_modules/standard-format
